*** Using Compiler 'V5.06 update 6 (build 750)', folder: 'C:\Keil_v5\ARM\ARMCC\Bin'
Build target 'Led_Controller'
compiling gui_guider.c...
compiling setup_scr_Buzzer.c...
compiling setup_scr_Menue.c...
compiling setup_scr_Calendar.c...
compiling setup_scr_Main.c...
compiling setup_scr_CMYK_Revise.c...
compiling lv_disp.c...
compiling lv_font_montserratMedium_18.c...
compiling events_init.c...
compiling lv_font_Acme_Regular_22.c...
compiling lv_event.c...
compiling lv_obj_class.c...
compiling lv_indev_scroll.c...
compiling lv_obj.c...
compiling setup_scr_Screen_Brightness.c...
..\LVGL\App\User\setup_scr_Screen_Brightness.c(134): warning:  #188-D: enumerated type mixed with another type
  	lv_slider_set_value(ui->Screen_Brightness_slider_1, (int32_t)guser.brightness, false);
..\LVGL\App\User\setup_scr_Screen_Brightness.c: 1 warning, 0 errors
compiling lv_group.c...
compiling lv_indev.c...
compiling lv_obj_tree.c...
compiling lv_obj_draw.c...
compiling lv_refr.c...
compiling lv_obj_pos.c...
compiling lv_obj_style.c...
compiling setup_scr_Timer.c...
compiling lv_theme.c...
compiling lv_obj_style_gen.c...
compiling lv_obj_scroll.c...
compiling lv_draw_blend.c...
compiling lv_draw_img.c...
compiling lv_draw_label.c...
compiling lv_draw_arc.c...
compiling lv_draw_mask.c...
compiling lv_draw_rect.c...
compiling lv_draw_line.c...
compiling lv_theme_basic.c...
compiling lv_img_buf.c...
compiling lv_img_cache.c...
compiling lv_draw_triangle.c...
compiling lv_img_decoder.c...
compiling lv_flex.c...
..\LVGL\lvgl\src\extra\layouts\flex\lv_flex.c(94): warning:  #188-D: enumerated type mixed with another type
      LV_STYLE_FLEX_MAIN_PLACE = lv_style_register_prop() | LV_STYLE_PROP_LAYOUT_REFR;
..\LVGL\lvgl\src\extra\layouts\flex\lv_flex.c(95): warning:  #188-D: enumerated type mixed with another type
      LV_STYLE_FLEX_CROSS_PLACE = lv_style_register_prop() | LV_STYLE_PROP_LAYOUT_REFR;
..\LVGL\lvgl\src\extra\layouts\flex\lv_flex.c(96): warning:  #188-D: enumerated type mixed with another type
      LV_STYLE_FLEX_TRACK_PLACE = lv_style_register_prop() | LV_STYLE_PROP_LAYOUT_REFR;
..\LVGL\lvgl\src\extra\layouts\flex\lv_flex.c: 3 warnings, 0 errors
compiling lv_grid.c...
..\LVGL\lvgl\src\extra\layouts\grid\lv_grid.c(103): warning:  #188-D: enumerated type mixed with another type
      LV_STYLE_GRID_COLUMN_DSC_ARRAY = lv_style_register_prop() | LV_STYLE_PROP_LAYOUT_REFR;
..\LVGL\lvgl\src\extra\layouts\grid\lv_grid.c(104): warning:  #188-D: enumerated type mixed with another type
      LV_STYLE_GRID_ROW_DSC_ARRAY = lv_style_register_prop() | LV_STYLE_PROP_LAYOUT_REFR;
..\LVGL\lvgl\src\extra\layouts\grid\lv_grid.c(105): warning:  #188-D: enumerated type mixed with another type
      LV_STYLE_GRID_COLUMN_ALIGN = lv_style_register_prop() | LV_STYLE_PROP_LAYOUT_REFR;
..\LVGL\lvgl\src\extra\layouts\grid\lv_grid.c(106): warning:  #188-D: enumerated type mixed with another type
      LV_STYLE_GRID_ROW_ALIGN = lv_style_register_prop() | LV_STYLE_PROP_LAYOUT_REFR;
..\LVGL\lvgl\src\extra\layouts\grid\lv_grid.c(108): warning:  #188-D: enumerated type mixed with another type
      LV_STYLE_GRID_CELL_ROW_SPAN = lv_style_register_prop() | LV_STYLE_PROP_LAYOUT_REFR;
..\LVGL\lvgl\src\extra\layouts\grid\lv_grid.c(109): warning:  #188-D: enumerated type mixed with another type
      LV_STYLE_GRID_CELL_ROW_POS = lv_style_register_prop() | LV_STYLE_PROP_LAYOUT_REFR;
..\LVGL\lvgl\src\extra\layouts\grid\lv_grid.c(110): warning:  #188-D: enumerated type mixed with another type
      LV_STYLE_GRID_CELL_COLUMN_SPAN = lv_style_register_prop() | LV_STYLE_PROP_LAYOUT_REFR;
..\LVGL\lvgl\src\extra\layouts\grid\lv_grid.c(111): warning:  #188-D: enumerated type mixed with another type
      LV_STYLE_GRID_CELL_COLUMN_POS = lv_style_register_prop() | LV_STYLE_PROP_LAYOUT_REFR;
..\LVGL\lvgl\src\extra\layouts\grid\lv_grid.c(112): warning:  #188-D: enumerated type mixed with another type
      LV_STYLE_GRID_CELL_X_ALIGN = lv_style_register_prop() | LV_STYLE_PROP_LAYOUT_REFR;
..\LVGL\lvgl\src\extra\layouts\grid\lv_grid.c(113): warning:  #188-D: enumerated type mixed with another type
      LV_STYLE_GRID_CELL_Y_ALIGN = lv_style_register_prop() | LV_STYLE_PROP_LAYOUT_REFR;
..\LVGL\lvgl\src\extra\layouts\grid\lv_grid.c(554): warning:  #188-D: enumerated type mixed with another type
      lv_grid_align_t col_align = get_cell_col_align(item);
..\LVGL\lvgl\src\extra\layouts\grid\lv_grid.c(555): warning:  #188-D: enumerated type mixed with another type
      lv_grid_align_t row_align = get_cell_row_align(item);
..\LVGL\lvgl\src\extra\layouts\grid\lv_grid.c: 12 warnings, 0 errors
compiling lv_animimg.c...
compiling lv_calendar_header_arrow.c...
compiling lv_calendar_header_dropdown.c...
compiling lv_calendar.c...
compiling lv_imgbtn.c...
compiling lv_led.c...
compiling lv_colorwheel.c...
compiling lv_theme_mono.c...
compiling lv_chart.c...
compiling lv_keyboard.c...
compiling lv_theme_default.c...
..\LVGL\lvgl\src\extra\themes\default\lv_theme_default.c(207): warning:  #188-D: enumerated type mixed with another type
..\LVGL\lvgl\src\extra\themes\default\lv_theme_default.c: 1 warning, 0 errors
compiling lv_spinbox.c...
compiling lv_msgbox.c...
compiling lv_tabview.c...
compiling lv_list.c...
compiling lv_spinner.c...
compiling lv_font_dejavu_16_persian_hebrew.c...
compiling lv_tileview.c...
compiling lv_win.c...
compiling lv_font.c...
compiling lv_extra.c...
compiling lv_meter.c...
compiling lv_span.c...
..\LVGL\lvgl\src\extra\widgets\span\lv_span.c(60): warning:  #1295-D: Deprecated declaration lv_get_snippet_cnt - give arg types
  static uint16_t lv_get_snippet_cnt();
..\LVGL\lvgl\src\extra\widgets\span\lv_span.c(829): warning:  #546-D: transfer of control bypasses initialization of:
            variable "ellipsis_valid"  (declared at line 833)
            variable "align"  (declared at line 851)
              goto Next_line_init;
              ^
..\LVGL\lvgl\src\extra\widgets\span\lv_span.c: 2 warnings, 0 errors
compiling lv_font_montserrat_10.c...
compiling lv_font_montserrat_12.c...
compiling lv_font_montserrat_12_subpx.c...
compiling lv_font_montserrat_14.c...
compiling lv_font_montserrat_8.c...
compiling lv_font_fmt_txt.c...
..\LVGL\lvgl\src\font\lv_font_fmt_txt.c(137): warning:  #111-D: statement is unreachable
      return NULL;
..\LVGL\lvgl\src\font\lv_font_fmt_txt.c: 1 warning, 0 errors
compiling lv_font_montserrat_24.c...
compiling lv_font_montserrat_26.c...
compiling lv_font_montserrat_20.c...
compiling lv_font_loader.c...
compiling lv_font_montserrat_22.c...
compiling lv_font_montserrat_18.c...
compiling lv_font_montserrat_16.c...
compiling lv_font_montserrat_38.c...
compiling lv_font_montserrat_36.c...
compiling lv_font_montserrat_34.c...
compiling lv_font_montserrat_28.c...
compiling lv_font_montserrat_32.c...
compiling lv_font_montserrat_30.c...
compiling lv_font_montserrat_28_compressed.c...
compiling lv_font_montserrat_46.c...
compiling lv_font_montserrat_48.c...
compiling lv_font_unscii_8.c...
compiling lv_font_montserrat_42.c...
compiling lv_font_montserrat_40.c...
compiling lv_font_simsun_16_cjk.c...
compiling lv_font_montserrat_44.c...
compiling lv_area.c...
compiling lv_anim.c...
compiling lv_hal_indev.c...
compiling lv_hal_tick.c...
compiling lv_font_unscii_16.c...
compiling lv_async.c...
compiling lv_hal_disp.c...
..\LVGL\lvgl\src\hal\lv_hal_disp.c(403): warning:  #188-D: enumerated type mixed with another type
      return disp->driver->rotated;
..\LVGL\lvgl\src\hal\lv_hal_disp.c: 1 warning, 0 errors
compiling lv_gc.c...
compiling lv_color.c...
compiling lv_ll.c...
compiling lv_log.c...
compiling lv_math.c...
compiling lv_bidi.c...
compiling lv_fs.c...
compiling lv_txt.c...
compiling lv_printf.c...
compiling lv_tlsf.c...
compiling lv_style_gen.c...
compiling lv_timer.c...
compiling lv_style.c...
..\LVGL\lvgl\src\misc\lv_style.c(75): warning:  #188-D: enumerated type mixed with another type
      return act_id;
..\LVGL\lvgl\src\misc\lv_style.c: 1 warning, 0 errors
compiling lv_mem.c...
..\LVGL\lvgl\src\misc\lv_mem.c(305): warning:  #111-D: statement is unreachable
      return NULL;
..\LVGL\lvgl\src\misc\lv_mem.c: 1 warning, 0 errors
compiling lv_utils.c...
compiling lv_btn.c...
compiling lv_txt_ap.c...
compiling lv_canvas.c...
compiling lv_checkbox.c...
compiling lv_arc.c...
compiling lv_img.c...
compiling lv_btnmatrix.c...
compiling lv_bar.c...
..\LVGL\lvgl\src\widgets\lv_bar.c(133): warning:  #188-D: enumerated type mixed with another type
          lv_bar_set_value(obj, bar->cur_value, false);
..\LVGL\lvgl\src\widgets\lv_bar.c(137): warning:  #188-D: enumerated type mixed with another type
          lv_bar_set_value(obj, bar->cur_value, false);
..\LVGL\lvgl\src\widgets\lv_bar.c: 2 warnings, 0 errors
compiling lv_line.c...
compiling lv_switch.c...
compiling lv_roller.c...
..\LVGL\lvgl\src\widgets\lv_roller.c(335): warning:  #188-D: enumerated type mixed with another type
          refr_position(obj, false);
..\LVGL\lvgl\src\widgets\lv_roller.c(338): warning:  #188-D: enumerated type mixed with another type
          refr_position(obj, false);
..\LVGL\lvgl\src\widgets\lv_roller.c(368): warning:  #188-D: enumerated type mixed with another type
                      refr_position(obj, true);
..\LVGL\lvgl\src\widgets\lv_roller.c(385): warning:  #188-D: enumerated type mixed with another type
              refr_position(obj, true);
..\LVGL\lvgl\src\widgets\lv_roller.c(393): warning:  #188-D: enumerated type mixed with another type
                  lv_roller_set_selected(obj, roller->sel_opt_id + 1, true);
..\LVGL\lvgl\src\widgets\lv_roller.c(401): warning:  #188-D: enumerated type mixed with another type
                  lv_roller_set_selected(obj, roller->sel_opt_id - 1, true);
..\LVGL\lvgl\src\widgets\lv_roller.c: 6 warnings, 0 errors
compiling lv_dropdown.c...
compiling lv_slider.c...
compiling lv_label.c...
compiling lv_table.c...
compiling lv_textarea.c...
compiling lv_port_indev.c...
compiling lv_port_disp.c...
compiling freertos.c...
linking...
Program Size: Code=184732 RO-data=55260 RW-data=1460 ZI-data=122548  
FromELF: creating hex file...
"Led_Controller\Led_Controller.axf" - 0 Error(s), 31 Warning(s).
Build Time Elapsed:  00:00:20
